<component name="libraryTable">
  <library name="junit-jupiter-api-5.5.2-javadoc">
    <CLASSES />
    <JAVADOC>
      <root url="jar://$USER_HOME$/Downloads/junit-jupiter-api-5.5.2-javadoc.jar!/" />
    </JAVADOC>
    <SOURCES />
  </library>
</component>