<component name="libraryTable">
  <library name="junit-jupiter-api-5.5">
    <CLASSES>
      <root url="file://$USER_HOME$/Downloads/junit-jupiter-api-5.5.2" />
    </CLASSES>
    <JAVADOC />
    <SOURCES />
  </library>
</component>